<?xml version="1.0" encoding="UTF-8"?>
<!-- Generated by org.testng.reporters.JUnitXMLReporter -->
<testsuite ignored="0" hostname="DESKTOP-FAU8SHO" failures="0" tests="9" name="Surefire test" time="108.832" errors="0" timestamp="2023-05-04T17:54:12 EDT">
  <testcase classname="com.crm.qa.testcases.ContactsPageTest" name="verifyCreateNewContactsPageTest" time="0.329"/>
  <testcase classname="com.crm.qa.testcases.CreateNewContactsPageTest" name="verifyCreateNewContactsLabelTest" time="0.044"/>
  <testcase classname="com.crm.qa.testcases.CreateNewContactsPageTest" name="createContactsTest" time="2.074"/>
  <testcase classname="com.crm.qa.testcases.DealsPageTest" name="createDealsPageTest" time="0.938"/>
  <testcase classname="com.crm.qa.testcases.HomePageTest" name="verifyeDealsLinkTest" time="0.71"/>
  <testcase classname="com.crm.qa.testcases.HomePageTest" name="verifyHomePageTest" time="0.017"/>
  <testcase classname="com.crm.qa.testcases.HomePageTest" name="verifyUserNameTest" time="0.454"/>
  <testcase classname="com.crm.qa.testcases.HomePageTest" name="verifyContactslinkTest" time="0.715"/>
  <testcase classname="com.crm.qa.testcases.LoginPageTest" name="loginTest" time="0.418"/>
</testsuite> <!-- Surefire test -->
