<?xml version="1.0" encoding="UTF-8"?>
<!-- Generated by org.testng.reporters.JUnitXMLReporter -->
<testsuite ignored="0" hostname="DESKTOP-FAU8SHO" failures="0" tests="4" name="Default test" time="40.487" errors="0" timestamp="2022-03-26T12:51:50 EDT">
  <testcase classname="com.crm.qa.testcases.HomePageTest" name="verifyeDealsLinkTest" time="0.835"/>
  <testcase classname="com.crm.qa.testcases.HomePageTest" name="verifyHomePageTest" time="0.007"/>
  <testcase classname="com.crm.qa.testcases.HomePageTest" name="verifyUserNameTest" time="0.604"/>
  <testcase classname="com.crm.qa.testcases.HomePageTest" name="verifyContactslinkTest" time="1.056"/>
</testsuite> <!-- Default test -->
