<?xml version="1.0" encoding="UTF-8"?>
<testsuite xmlns:xsi="http://www.w3.org/2001/XMLSchema-instance" xsi:noNamespaceSchemaLocation="https://maven.apache.org/surefire/maven-surefire-plugin/xsd/surefire-test-report.xsd" name="TestSuite" time="109.429" tests="9" errors="0" skipped="0" failures="0">
  <properties>
[...]
</properties>
  <testcase name="verifyCreateNewContactsPageTest" classname="com.crm.qa.testcases.ContactsPageTest" time="0.33"/>
  <testcase name="verifyCreateNewContactsLabelTest" classname="com.crm.qa.testcases.CreateNewContactsPageTest" time="0.043"/>
  <testcase name="createContactsTest" classname="com.crm.qa.testcases.CreateNewContactsPageTest" time="2.074"/>
  <testcase name="createDealsPageTest" classname="com.crm.qa.testcases.DealsPageTest" time="0.938"/>
  <testcase name="verifyeDealsLinkTest" classname="com.crm.qa.testcases.HomePageTest" time="0.71"/>
  <testcase name="verifyHomePageTest" classname="com.crm.qa.testcases.HomePageTest" time="0.017"/>
  <testcase name="verifyUserNameTest" classname="com.crm.qa.testcases.HomePageTest" time="0.454"/>
  <testcase name="verifyContactslinkTest" classname="com.crm.qa.testcases.HomePageTest" time="0.716"/>
  <testcase name="loginTest" classname="com.crm.qa.testcases.LoginPageTest" time="0.417"/>
</testsuite>